# JRE version: OpenJDK Runtime Environment (8.0_152-b01) (build 1.8.0_152-release-1248-b01)
# Java VM: OpenJDK 64-Bit Server VM (25.152-b01 mixed mode windows-amd64 compressed oops)
Heap:
 PSYoungGen      total 350720K, used 157419K [0x00000000e0000000, 0x00000000fa500000, 0x0000000100000000)
  eden space 333824K, 43% used [0x00000000e0000000,0x00000000e8d84f30,0x00000000f4600000)
  from space 16896K, 74% used [0x00000000f4600000,0x00000000f52360c0,0x00000000f5680000)
  to   space 17920K, 0% used [0x00000000f9380000,0x00000000f9380000,0x00000000fa500000)
 ParOldGen       total 72192K, used 47823K [0x00000000a0000000, 0x00000000a4680000, 0x00000000e0000000)
  object space 72192K, 66% used [0x00000000a0000000,0x00000000a2eb3c00,0x00000000a4680000)
 Metaspace       used 62284K, capacity 64412K, committed 64600K, reserved 1105920K
  class space    used 8213K, capacity 8728K, committed 8832K, reserved 1048576K
GC Heap History (10 events):
Event: 47.108 GC heap before
{Heap before GC invocations=20 (full 3):
 PSYoungGen      total 245760K, used 245487K [0x00000000e0000000, 0x00000000f1a00000, 0x0000000100000000)
  eden space 232960K, 100% used [0x00000000e0000000,0x00000000ee380000,0x00000000ee380000)
  from space 12800K, 97% used [0x00000000f0d80000,0x00000000f19bbf28,0x00000000f1a00000)
  to   space 18944K, 0% used [0x00000000ef500000,0x00000000ef500000,0x00000000f0780000)
 ParOldGen       total 72192K, used 34525K [0x00000000a0000000, 0x00000000a4680000, 0x00000000e0000000)
  object space 72192K, 47% used [0x00000000a0000000,0x00000000a21b76a0,0x00000000a4680000)
 Metaspace       used 62043K, capacity 64210K, committed 64600K, reserved 1105920K
  class space    used 8212K, capacity 8727K, committed 8832K, reserved 1048576K
Event: 47.142 GC heap after
Heap after GC invocations=20 (full 3):
 PSYoungGen      total 269824K, used 6808K [0x00000000e0000000, 0x00000000f3600000, 0x0000000100000000)
  eden space 250880K, 0% used [0x00000000e0000000,0x00000000e0000000,0x00000000ef500000)
  from space 18944K, 35% used [0x00000000ef500000,0x00000000efba60d0,0x00000000f0780000)
  to   space 17920K, 0% used [0x00000000f2480000,0x00000000f2480000,0x00000000f3600000)
 ParOldGen       total 72192K, used 42254K [0x00000000a0000000, 0x00000000a4680000, 0x00000000e0000000)
  object space 72192K, 58% used [0x00000000a0000000,0x00000000a2943bf0,0x00000000a4680000)
 Metaspace       used 62043K, capacity 64210K, committed 64600K, reserved 1105920K
  class space    used 8212K, capacity 8727K, committed 8832K, reserved 1048576K
}
Event: 49.204 GC heap before
{Heap before GC invocations=21 (full 3):
 PSYoungGen      total 269824K, used 257688K [0x00000000e0000000, 0x00000000f3600000, 0x0000000100000000)
  eden space 250880K, 100% used [0x00000000e0000000,0x00000000ef500000,0x00000000ef500000)
  from space 18944K, 35% used [0x00000000ef500000,0x00000000efba60d0,0x00000000f0780000)
  to   space 17920K, 0% used [0x00000000f2480000,0x00000000f2480000,0x00000000f3600000)
 ParOldGen       total 72192K, used 42254K [0x00000000a0000000, 0x00000000a4680000, 0x00000000e0000000)
  object space 72192K, 58% used [0x00000000a0000000,0x00000000a2943bf0,0x00000000a4680000)
 Metaspace       used 62176K, capacity 64338K, committed 64600K, reserved 1105920K
  class space    used 8212K, capacity 8727K, committed 8832K, reserved 1048576K
Event: 49.228 GC heap after
Heap after GC invocations=21 (full 3):
 PSYoungGen      total 300032K, used 5064K [0x00000000e0000000, 0x00000000f4800000, 0x0000000100000000)
  eden space 282112K, 0% used [0x00000000e0000000,0x00000000e0000000,0x00000000f1380000)
  from space 17920K, 28% used [0x00000000f2480000,0x00000000f2972090,0x00000000f3600000)
  to   space 17408K, 0% used [0x00000000f1380000,0x00000000f1380000,0x00000000f2480000)
 ParOldGen       total 72192K, used 45023K [0x00000000a0000000, 0x00000000a4680000, 0x00000000e0000000)
  object space 72192K, 62% used [0x00000000a0000000,0x00000000a2bf7c00,0x00000000a4680000)
 Metaspace       used 62176K, capacity 64338K, committed 64600K, reserved 1105920K
  class space    used 8212K, capacity 8727K, committed 8832K, reserved 1048576K
}
Event: 51.572 GC heap before
{Heap before GC invocations=22 (full 3):
 PSYoungGen      total 300032K, used 287176K [0x00000000e0000000, 0x00000000f4800000, 0x0000000100000000)
  eden space 282112K, 100% used [0x00000000e0000000,0x00000000f1380000,0x00000000f1380000)
  from space 17920K, 28% used [0x00000000f2480000,0x00000000f2972090,0x00000000f3600000)
  to   space 17408K, 0% used [0x00000000f1380000,0x00000000f1380000,0x00000000f2480000)
 ParOldGen       total 72192K, used 45023K [0x00000000a0000000, 0x00000000a4680000, 0x00000000e0000000)
  object space 72192K, 62% used [0x00000000a0000000,0x00000000a2bf7c00,0x00000000a4680000)
 Metaspace       used 62218K, capacity 64402K, committed 64600K, reserved 1105920K
  class space    used 8212K, capacity 8727K, committed 8832K, reserved 1048576K
Event: 51.592 GC heap after
Heap after GC invocations=22 (full 3):
 PSYoungGen      total 299520K, used 6216K [0x00000000e0000000, 0x00000000f6680000, 0x0000000100000000)
  eden space 282112K, 0% used [0x00000000e0000000,0x00000000e0000000,0x00000000f1380000)
  from space 17408K, 35% used [0x00000000f1380000,0x00000000f19920c0,0x00000000f2480000)
  to   space 16384K, 0% used [0x00000000f5680000,0x00000000f5680000,0x00000000f6680000)
 ParOldGen       total 72192K, used 47823K [0x00000000a0000000, 0x00000000a4680000, 0x00000000e0000000)
  object space 72192K, 66% used [0x00000000a0000000,0x00000000a2eb3c00,0x00000000a4680000)
 Metaspace       used 62218K, capacity 64402K, committed 64600K, reserved 1105920K
  class space    used 8212K, capacity 8727K, committed 8832K, reserved 1048576K
}
Event: 53.299 GC heap before
{Heap before GC invocations=23 (full 3):
 PSYoungGen      total 299520K, used 288328K [0x00000000e0000000, 0x00000000f6680000, 0x0000000100000000)
  eden space 282112K, 100% used [0x00000000e0000000,0x00000000f1380000,0x00000000f1380000)
  from space 17408K, 35% used [0x00000000f1380000,0x00000000f19920c0,0x00000000f2480000)
  to   space 16384K, 0% used [0x00000000f5680000,0x00000000f5680000,0x00000000f6680000)
 ParOldGen       total 72192K, used 47823K [0x00000000a0000000, 0x00000000a4680000, 0x00000000e0000000)
  object space 72192K, 66% used [0x00000000a0000000,0x00000000a2eb3c00,0x00000000a4680000)
 Metaspace       used 62248K, capacity 64406K, committed 64600K, reserved 1105920K
  class space    used 8212K, capacity 8727K, committed 8832K, reserved 1048576K
Event: 53.331 GC heap after
Heap after GC invocations=23 (full 3):
 PSYoungGen      total 350208K, used 10632K [0x00000000e0000000, 0x00000000f6900000, 0x0000000100000000)
  eden space 333824K, 0% used [0x00000000e0000000,0x00000000e0000000,0x00000000f4600000)
  from space 16384K, 64% used [0x00000000f5680000,0x00000000f60e20b0,0x00000000f6680000)
  to   space 16896K, 0% used [0x00000000f4600000,0x00000000f4600000,0x00000000f5680000)
 ParOldGen       total 72192K, used 47823K [0x00000000a0000000, 0x00000000a4680000, 0x00000000e0000000)
  object space 72192K, 66% used [0x00000000a0000000,0x00000000a2eb3c00,0x00000000a4680000)
 Metaspace       used 62248K, capacity 64406K, committed 64600K, reserved 1105920K
  class space    used 8212K, capacity 8727K, committed 8832K, reserved 1048576K
}
Event: 56.091 GC heap before
{Heap before GC invocations=24 (full 3):
 PSYoungGen      total 350208K, used 344456K [0x00000000e0000000, 0x00000000f6900000, 0x0000000100000000)
  eden space 333824K, 100% used [0x00000000e0000000,0x00000000f4600000,0x00000000f4600000)
  from space 16384K, 64% used [0x00000000f5680000,0x00000000f60e20b0,0x00000000f6680000)
  to   space 16896K, 0% used [0x00000000f4600000,0x00000000f4600000,0x00000000f5680000)
 ParOldGen       total 72192K, used 47823K [0x00000000a0000000, 0x00000000a4680000, 0x00000000e0000000)
  object space 72192K, 66% used [0x00000000a0000000,0x00000000a2eb3c00,0x00000000a4680000)
 Metaspace       used 62270K, capacity 64406K, committed 64600K, reserved 1105920K
  class space    used 8212K, capacity 8727K, committed 8832K, reserved 1048576K
Event: 56.123 GC heap after
Heap after GC invocations=24 (full 3):
 PSYoungGen      total 350720K, used 12504K [0x00000000e0000000, 0x00000000fa500000, 0x0000000100000000)
  eden space 333824K, 0% used [0x00000000e0000000,0x00000000e0000000,0x00000000f4600000)
  from space 16896K, 74% used [0x00000000f4600000,0x00000000f52360c0,0x00000000f5680000)
  to   space 17920K, 0% used [0x00000000f9380000,0x00000000f9380000,0x00000000fa500000)
 ParOldGen       total 72192K, used 47823K [0x00000000a0000000, 0x00000000a4680000, 0x00000000e0000000)
  object space 72192K, 66% used [0x00000000a0000000,0x00000000a2eb3c00,0x00000000a4680000)
 Metaspace       used 62270K, capacity 64406K, committed 64600K, reserved 1105920K
  class space    used 8212K, capacity 8727K, committed 8832K, reserved 1048576K
}

