# JRE version: OpenJDK Runtime Environment (8.0_152-b01) (build 1.8.0_152-release-1248-b01)
# Java VM: OpenJDK 64-Bit Server VM (25.152-b01 mixed mode windows-amd64 compressed oops)
Heap:
 PSYoungGen      total 400896K, used 234246K [0x00000000e0000000, 0x00000000fbb80000, 0x0000000100000000)
  eden space 367104K, 62% used [0x00000000e0000000,0x00000000ede6e600,0x00000000f6680000)
  from space 33792K, 19% used [0x00000000f7f00000,0x00000000f8553480,0x00000000fa000000)
  to   space 25088K, 0% used [0x00000000f6680000,0x00000000f6680000,0x00000000f7f00000)
 ParOldGen       total 139776K, used 124774K [0x00000000a0000000, 0x00000000a8880000, 0x00000000e0000000)
  object space 139776K, 89% used [0x00000000a0000000,0x00000000a79d98b8,0x00000000a8880000)
 Metaspace       used 99951K, capacity 105158K, committed 105304K, reserved 1140736K
  class space    used 12293K, capacity 13348K, committed 13400K, reserved 1048576K
GC Heap History (10 events):
Event: 1077.523 GC heap before
{Heap before GC invocations=47 (full 4):
 PSYoungGen      total 387072K, used 361144K [0x00000000e0000000, 0x00000000fa000000, 0x0000000100000000)
  eden space 353280K, 100% used [0x00000000e0000000,0x00000000f5900000,0x00000000f5900000)
  from space 33792K, 23% used [0x00000000f7f00000,0x00000000f86ae0a0,0x00000000fa000000)
  to   space 36352K, 0% used [0x00000000f5900000,0x00000000f5900000,0x00000000f7c80000)
 ParOldGen       total 139776K, used 127515K [0x00000000a0000000, 0x00000000a8880000, 0x00000000e0000000)
  object space 139776K, 91% used [0x00000000a0000000,0x00000000a7c86eb8,0x00000000a8880000)
 Metaspace       used 99931K, capacity 105188K, committed 105304K, reserved 1140736K
  class space    used 12298K, capacity 13359K, committed 13400K, reserved 1048576K
Event: 1077.547 GC heap after
Heap after GC invocations=47 (full 4):
 PSYoungGen      total 389632K, used 6096K [0x00000000e0000000, 0x00000000fa000000, 0x0000000100000000)
  eden space 353280K, 0% used [0x00000000e0000000,0x00000000e0000000,0x00000000f5900000)
  from space 36352K, 16% used [0x00000000f5900000,0x00000000f5ef4070,0x00000000f7c80000)
  to   space 33792K, 0% used [0x00000000f7f00000,0x00000000f7f00000,0x00000000fa000000)
 ParOldGen       total 139776K, used 133339K [0x00000000a0000000, 0x00000000a8880000, 0x00000000e0000000)
  object space 139776K, 95% used [0x00000000a0000000,0x00000000a8236ed8,0x00000000a8880000)
 Metaspace       used 99931K, capacity 105188K, committed 105304K, reserved 1140736K
  class space    used 12298K, capacity 13359K, committed 13400K, reserved 1048576K
}
Event: 1077.547 GC heap before
{Heap before GC invocations=48 (full 5):
 PSYoungGen      total 389632K, used 6096K [0x00000000e0000000, 0x00000000fa000000, 0x0000000100000000)
  eden space 353280K, 0% used [0x00000000e0000000,0x00000000e0000000,0x00000000f5900000)
  from space 36352K, 16% used [0x00000000f5900000,0x00000000f5ef4070,0x00000000f7c80000)
  to   space 33792K, 0% used [0x00000000f7f00000,0x00000000f7f00000,0x00000000fa000000)
 ParOldGen       total 139776K, used 133339K [0x00000000a0000000, 0x00000000a8880000, 0x00000000e0000000)
  object space 139776K, 95% used [0x00000000a0000000,0x00000000a8236ed8,0x00000000a8880000)
 Metaspace       used 99931K, capacity 105188K, committed 105304K, reserved 1140736K
  class space    used 12298K, capacity 13359K, committed 13400K, reserved 1048576K
Event: 1079.057 GC heap after
Heap after GC invocations=48 (full 5):
 PSYoungGen      total 389632K, used 0K [0x00000000e0000000, 0x00000000fa000000, 0x0000000100000000)
  eden space 353280K, 0% used [0x00000000e0000000,0x00000000e0000000,0x00000000f5900000)
  from space 36352K, 0% used [0x00000000f5900000,0x00000000f5900000,0x00000000f7c80000)
  to   space 33792K, 0% used [0x00000000f7f00000,0x00000000f7f00000,0x00000000fa000000)
 ParOldGen       total 139776K, used 110396K [0x00000000a0000000, 0x00000000a8880000, 0x00000000e0000000)
  object space 139776K, 78% used [0x00000000a0000000,0x00000000a6bcf3b0,0x00000000a8880000)
 Metaspace       used 99900K, capacity 105082K, committed 105304K, reserved 1140736K
  class space    used 12288K, capacity 13346K, committed 13400K, reserved 1048576K
}
Event: 1080.417 GC heap before
{Heap before GC invocations=49 (full 5):
 PSYoungGen      total 389632K, used 353280K [0x00000000e0000000, 0x00000000fa000000, 0x0000000100000000)
  eden space 353280K, 100% used [0x00000000e0000000,0x00000000f5900000,0x00000000f5900000)
  from space 36352K, 0% used [0x00000000f5900000,0x00000000f5900000,0x00000000f7c80000)
  to   space 33792K, 0% used [0x00000000f7f00000,0x00000000f7f00000,0x00000000fa000000)
 ParOldGen       total 139776K, used 110396K [0x00000000a0000000, 0x00000000a8880000, 0x00000000e0000000)
  object space 139776K, 78% used [0x00000000a0000000,0x00000000a6bcf3b0,0x00000000a8880000)
 Metaspace       used 99905K, capacity 105082K, committed 105304K, reserved 1140736K
  class space    used 12289K, capacity 13346K, committed 13400K, reserved 1048576K
Event: 1080.437 GC heap after
Heap after GC invocations=49 (full 5):
 PSYoungGen      total 387072K, used 9904K [0x00000000e0000000, 0x00000000fa000000, 0x0000000100000000)
  eden space 353280K, 0% used [0x00000000e0000000,0x00000000e0000000,0x00000000f5900000)
  from space 33792K, 29% used [0x00000000f7f00000,0x00000000f88ac0c0,0x00000000fa000000)
  to   space 36352K, 0% used [0x00000000f5900000,0x00000000f5900000,0x00000000f7c80000)
 ParOldGen       total 139776K, used 110404K [0x00000000a0000000, 0x00000000a8880000, 0x00000000e0000000)
  object space 139776K, 78% used [0x00000000a0000000,0x00000000a6bd13b0,0x00000000a8880000)
 Metaspace       used 99905K, capacity 105082K, committed 105304K, reserved 1140736K
  class space    used 12289K, capacity 13346K, committed 13400K, reserved 1048576K
}
Event: 1081.470 GC heap before
{Heap before GC invocations=50 (full 5):
 PSYoungGen      total 387072K, used 363184K [0x00000000e0000000, 0x00000000fa000000, 0x0000000100000000)
  eden space 353280K, 100% used [0x00000000e0000000,0x00000000f5900000,0x00000000f5900000)
  from space 33792K, 29% used [0x00000000f7f00000,0x00000000f88ac0c0,0x00000000fa000000)
  to   space 36352K, 0% used [0x00000000f5900000,0x00000000f5900000,0x00000000f7c80000)
 ParOldGen       total 139776K, used 110732K [0x00000000a0000000, 0x00000000a8880000, 0x00000000e0000000)
  object space 139776K, 79% used [0x00000000a0000000,0x00000000a6c23310,0x00000000a8880000)
 Metaspace       used 99906K, capacity 105082K, committed 105304K, reserved 1140736K
  class space    used 12289K, capacity 13346K, committed 13400K, reserved 1048576K
Event: 1081.498 GC heap after
Heap after GC invocations=50 (full 5):
 PSYoungGen      total 389632K, used 5870K [0x00000000e0000000, 0x00000000fa000000, 0x0000000100000000)
  eden space 353280K, 0% used [0x00000000e0000000,0x00000000e0000000,0x00000000f5900000)
  from space 36352K, 16% used [0x00000000f5900000,0x00000000f5ebbad0,0x00000000f7c80000)
  to   space 33792K, 0% used [0x00000000f7f00000,0x00000000f7f00000,0x00000000fa000000)
 ParOldGen       total 139776K, used 119405K [0x00000000a0000000, 0x00000000a8880000, 0x00000000e0000000)
  object space 139776K, 85% used [0x00000000a0000000,0x00000000a749b560,0x00000000a8880000)
 Metaspace       used 99906K, capacity 105082K, committed 105304K, reserved 1140736K
  class space    used 12289K, capacity 13346K, committed 13400K, reserved 1048576K
}
Event: 1082.423 GC heap before
{Heap before GC invocations=51 (full 5):
 PSYoungGen      total 389632K, used 359150K [0x00000000e0000000, 0x00000000fa000000, 0x0000000100000000)
  eden space 353280K, 100% used [0x00000000e0000000,0x00000000f5900000,0x00000000f5900000)
  from space 36352K, 16% used [0x00000000f5900000,0x00000000f5ebbad0,0x00000000f7c80000)
  to   space 33792K, 0% used [0x00000000f7f00000,0x00000000f7f00000,0x00000000fa000000)
 ParOldGen       total 139776K, used 119407K [0x00000000a0000000, 0x00000000a8880000, 0x00000000e0000000)
  object space 139776K, 85% used [0x00000000a0000000,0x00000000a749bde8,0x00000000a8880000)
 Metaspace       used 99910K, capacity 105082K, committed 105304K, reserved 1140736K
  class space    used 12289K, capacity 13346K, committed 13400K, reserved 1048576K
Event: 1082.455 GC heap after
Heap after GC invocations=51 (full 5):
 PSYoungGen      total 400896K, used 6477K [0x00000000e0000000, 0x00000000fbb80000, 0x0000000100000000)
  eden space 367104K, 0% used [0x00000000e0000000,0x00000000e0000000,0x00000000f6680000)
  from space 33792K, 19% used [0x00000000f7f00000,0x00000000f8553480,0x00000000fa000000)
  to   space 25088K, 0% used [0x00000000f6680000,0x00000000f6680000,0x00000000f7f00000)
 ParOldGen       total 139776K, used 124774K [0x00000000a0000000, 0x00000000a8880000, 0x00000000e0000000)
  object space 139776K, 89% used [0x00000000a0000000,0x00000000a79d98b8,0x00000000a8880000)
 Metaspace       used 99910K, capacity 105082K, committed 105304K, reserved 1140736K
  class space    used 12289K, capacity 13346K, committed 13400K, reserved 1048576K
}

