# JRE version: OpenJDK Runtime Environment (8.0_152-b01) (build 1.8.0_152-release-1248-b01)
# Java VM: OpenJDK 64-Bit Server VM (25.152-b01 mixed mode windows-amd64 compressed oops)
Heap:
 PSYoungGen      total 360960K, used 114992K [0x00000000e0000000, 0x00000000fa280000, 0x0000000100000000)
  eden space 339968K, 33% used [0x00000000e0000000,0x00000000e704c0b8,0x00000000f4c00000)
  from space 20992K, 0% used [0x00000000f5f80000,0x00000000f5f80000,0x00000000f7400000)
  to   space 19968K, 0% used [0x00000000f4c00000,0x00000000f4c00000,0x00000000f5f80000)
 ParOldGen       total 91136K, used 91103K [0x00000000a0000000, 0x00000000a5900000, 0x00000000e0000000)
  object space 91136K, 99% used [0x00000000a0000000,0x00000000a58f7c78,0x00000000a5900000)
 Metaspace       used 74173K, capacity 77724K, committed 78040K, reserved 1118208K
  class space    used 9367K, capacity 10144K, committed 10240K, reserved 1048576K
GC Heap History (10 events):
Event: 476.381 GC heap before
{Heap before GC invocations=35 (full 3):
 PSYoungGen      total 358912K, used 345256K [0x00000000e0000000, 0x00000000f7400000, 0x0000000100000000)
  eden space 336896K, 100% used [0x00000000e0000000,0x00000000f4900000,0x00000000f4900000)
  from space 22016K, 37% used [0x00000000f4900000,0x00000000f512a0a0,0x00000000f5e80000)
  to   space 20992K, 0% used [0x00000000f5f80000,0x00000000f5f80000,0x00000000f7400000)
 ParOldGen       total 91136K, used 83087K [0x00000000a0000000, 0x00000000a5900000, 0x00000000e0000000)
  object space 91136K, 91% used [0x00000000a0000000,0x00000000a5123c38,0x00000000a5900000)
 Metaspace       used 74194K, capacity 77846K, committed 78040K, reserved 1118208K
  class space    used 9388K, capacity 10179K, committed 10240K, reserved 1048576K
Event: 476.417 GC heap after
Heap after GC invocations=35 (full 3):
 PSYoungGen      total 360960K, used 8690K [0x00000000e0000000, 0x00000000fa280000, 0x0000000100000000)
  eden space 339968K, 0% used [0x00000000e0000000,0x00000000e0000000,0x00000000f4c00000)
  from space 20992K, 41% used [0x00000000f5f80000,0x00000000f67fcba0,0x00000000f7400000)
  to   space 19968K, 0% used [0x00000000f4c00000,0x00000000f4c00000,0x00000000f5f80000)
 ParOldGen       total 91136K, used 89223K [0x00000000a0000000, 0x00000000a5900000, 0x00000000e0000000)
  object space 91136K, 97% used [0x00000000a0000000,0x00000000a5721c68,0x00000000a5900000)
 Metaspace       used 74194K, capacity 77846K, committed 78040K, reserved 1118208K
  class space    used 9388K, capacity 10179K, committed 10240K, reserved 1048576K
}
Event: 476.418 GC heap before
{Heap before GC invocations=36 (full 4):
 PSYoungGen      total 360960K, used 8690K [0x00000000e0000000, 0x00000000fa280000, 0x0000000100000000)
  eden space 339968K, 0% used [0x00000000e0000000,0x00000000e0000000,0x00000000f4c00000)
  from space 20992K, 41% used [0x00000000f5f80000,0x00000000f67fcba0,0x00000000f7400000)
  to   space 19968K, 0% used [0x00000000f4c00000,0x00000000f4c00000,0x00000000f5f80000)
 ParOldGen       total 91136K, used 89223K [0x00000000a0000000, 0x00000000a5900000, 0x00000000e0000000)
  object space 91136K, 97% used [0x00000000a0000000,0x00000000a5721c68,0x00000000a5900000)
 Metaspace       used 74194K, capacity 77846K, committed 78040K, reserved 1118208K
  class space    used 9388K, capacity 10179K, committed 10240K, reserved 1048576K
Event: 478.927 GC heap after
Heap after GC invocations=36 (full 4):
 PSYoungGen      total 360960K, used 0K [0x00000000e0000000, 0x00000000fa280000, 0x0000000100000000)
  eden space 339968K, 0% used [0x00000000e0000000,0x00000000e0000000,0x00000000f4c00000)
  from space 20992K, 0% used [0x00000000f5f80000,0x00000000f5f80000,0x00000000f7400000)
  to   space 19968K, 0% used [0x00000000f4c00000,0x00000000f4c00000,0x00000000f5f80000)
 ParOldGen       total 91136K, used 86724K [0x00000000a0000000, 0x00000000a5900000, 0x00000000e0000000)
  object space 91136K, 95% used [0x00000000a0000000,0x00000000a54b1380,0x00000000a5900000)
 Metaspace       used 74115K, capacity 77584K, committed 78040K, reserved 1118208K
  class space    used 9363K, capacity 10142K, committed 10240K, reserved 1048576K
}
Event: 480.187 GC heap before
{Heap before GC invocations=37 (full 5):
 PSYoungGen      total 360960K, used 339968K [0x00000000e0000000, 0x00000000fa280000, 0x0000000100000000)
  eden space 339968K, 100% used [0x00000000e0000000,0x00000000f4c00000,0x00000000f4c00000)
  from space 20992K, 0% used [0x00000000f5f80000,0x00000000f5f80000,0x00000000f7400000)
  to   space 19968K, 0% used [0x00000000f4c00000,0x00000000f4c00000,0x00000000f5f80000)
 ParOldGen       total 91136K, used 86724K [0x00000000a0000000, 0x00000000a5900000, 0x00000000e0000000)
  object space 91136K, 95% used [0x00000000a0000000,0x00000000a54b1380,0x00000000a5900000)
 Metaspace       used 74116K, capacity 77584K, committed 78040K, reserved 1118208K
  class space    used 9363K, capacity 10142K, committed 10240K, reserved 1048576K
Event: 480.845 GC heap after
Heap after GC invocations=37 (full 5):
 PSYoungGen      total 360960K, used 0K [0x00000000e0000000, 0x00000000fa280000, 0x0000000100000000)
  eden space 339968K, 0% used [0x00000000e0000000,0x00000000e0000000,0x00000000f4c00000)
  from space 20992K, 0% used [0x00000000f5f80000,0x00000000f5f80000,0x00000000f7400000)
  to   space 19968K, 0% used [0x00000000f4c00000,0x00000000f4c00000,0x00000000f5f80000)
 ParOldGen       total 91136K, used 89363K [0x00000000a0000000, 0x00000000a5900000, 0x00000000e0000000)
  object space 91136K, 98% used [0x00000000a0000000,0x00000000a5744f98,0x00000000a5900000)
 Metaspace       used 74116K, capacity 77584K, committed 78040K, reserved 1118208K
  class space    used 9363K, capacity 10142K, committed 10240K, reserved 1048576K
}
Event: 481.956 GC heap before
{Heap before GC invocations=38 (full 6):
 PSYoungGen      total 360960K, used 339968K [0x00000000e0000000, 0x00000000fa280000, 0x0000000100000000)
  eden space 339968K, 100% used [0x00000000e0000000,0x00000000f4c00000,0x00000000f4c00000)
  from space 20992K, 0% used [0x00000000f5f80000,0x00000000f5f80000,0x00000000f7400000)
  to   space 19968K, 0% used [0x00000000f4c00000,0x00000000f4c00000,0x00000000f5f80000)
 ParOldGen       total 91136K, used 89363K [0x00000000a0000000, 0x00000000a5900000, 0x00000000e0000000)
  object space 91136K, 98% used [0x00000000a0000000,0x00000000a5744f98,0x00000000a5900000)
 Metaspace       used 74123K, capacity 77584K, committed 78040K, reserved 1118208K
  class space    used 9364K, capacity 10142K, committed 10240K, reserved 1048576K
Event: 483.156 GC heap after
Heap after GC invocations=38 (full 6):
 PSYoungGen      total 360960K, used 962K [0x00000000e0000000, 0x00000000fa280000, 0x0000000100000000)
  eden space 339968K, 0% used [0x00000000e0000000,0x00000000e00f0878,0x00000000f4c00000)
  from space 20992K, 0% used [0x00000000f5f80000,0x00000000f5f80000,0x00000000f7400000)
  to   space 19968K, 0% used [0x00000000f4c00000,0x00000000f4c00000,0x00000000f5f80000)
 ParOldGen       total 91136K, used 91128K [0x00000000a0000000, 0x00000000a5900000, 0x00000000e0000000)
  object space 91136K, 99% used [0x00000000a0000000,0x00000000a58fe348,0x00000000a5900000)
 Metaspace       used 74123K, capacity 77584K, committed 78040K, reserved 1118208K
  class space    used 9364K, capacity 10142K, committed 10240K, reserved 1048576K
}
Event: 485.202 GC heap before
{Heap before GC invocations=39 (full 7):
 PSYoungGen      total 360960K, used 339968K [0x00000000e0000000, 0x00000000fa280000, 0x0000000100000000)
  eden space 339968K, 100% used [0x00000000e0000000,0x00000000f4c00000,0x00000000f4c00000)
  from space 20992K, 0% used [0x00000000f5f80000,0x00000000f5f80000,0x00000000f7400000)
  to   space 19968K, 0% used [0x00000000f4c00000,0x00000000f4c00000,0x00000000f5f80000)
 ParOldGen       total 91136K, used 91128K [0x00000000a0000000, 0x00000000a5900000, 0x00000000e0000000)
  object space 91136K, 99% used [0x00000000a0000000,0x00000000a58fe348,0x00000000a5900000)
 Metaspace       used 74128K, capacity 77648K, committed 78040K, reserved 1118208K
  class space    used 9364K, capacity 10142K, committed 10240K, reserved 1048576K
Event: 485.948 GC heap after
Heap after GC invocations=39 (full 7):
 PSYoungGen      total 360960K, used 3075K [0x00000000e0000000, 0x00000000fa280000, 0x0000000100000000)
  eden space 339968K, 0% used [0x00000000e0000000,0x00000000e0300ea8,0x00000000f4c00000)
  from space 20992K, 0% used [0x00000000f5f80000,0x00000000f5f80000,0x00000000f7400000)
  to   space 19968K, 0% used [0x00000000f4c00000,0x00000000f4c00000,0x00000000f5f80000)
 ParOldGen       total 91136K, used 91103K [0x00000000a0000000, 0x00000000a5900000, 0x00000000e0000000)
  object space 91136K, 99% used [0x00000000a0000000,0x00000000a58f7c78,0x00000000a5900000)
 Metaspace       used 74128K, capacity 77648K, committed 78040K, reserved 1118208K
  class space    used 9364K, capacity 10142K, committed 10240K, reserved 1048576K
}

